#
# There is insufficient memory for the Java Runtime Environment to continue.
# Native memory allocation (mmap) failed to map 32505856 bytes for Failed to commit area from 0x0000000089a00000 to 0x000000008b900000 of length 32505856.
# Possible reasons:
#   The system is out of physical RAM or swap space
#   The process is running with CompressedOops enabled, and the Java Heap may be blocking the growth of the native heap
# Possible solutions:
#   Reduce memory load on the system
#   Increase physical memory or swap space
#   Check if swap backing store is full
#   Decrease Java heap size (-Xmx/-Xms)
#   Decrease number of Java threads
#   Decrease Java thread stack sizes (-Xss)
#   Set larger code cache with -XX:ReservedCodeCacheSize=
#   JVM is running with Unscaled Compressed Oops mode in which the Java heap is
#     placed in the first 4GB address space. The Java Heap base address is the
#     maximum limit for the native heap growth. Please use -XX:HeapBaseMinAddress
#     to set the Java Heap base and to place the Java Heap above 4GB virtual address.
# This output file may be truncated or incomplete.
#
#  Out of Memory Error (./src/hotspot/os/windows/os_windows.cpp:3301), pid=17352, tid=15632
#
# JRE version: OpenJDK Runtime Environment (11.0.10) (build 11.0.10+0-b96-7249189)
# Java VM: OpenJDK 64-Bit Server VM (11.0.10+0-b96-7249189, mixed mode, tiered, compressed oops, g1 gc, windows-amd64)
# No core dump will be written. Minidumps are not enabled by default on client versions of Windows
#

---------------  S U M M A R Y ------------

Command Line: --add-opens=java.base/java.util=ALL-UNNAMED --add-opens=java.base/java.lang=ALL-UNNAMED --add-opens=java.base/java.lang.invoke=ALL-UNNAMED --add-opens=java.base/java.util=ALL-UNNAMED --add-opens=java.prefs/java.util.prefs=ALL-UNNAMED --add-opens=java.prefs/java.util.prefs=ALL-UNNAMED --add-opens=java.base/java.nio.charset=ALL-UNNAMED --add-opens=java.base/java.net=ALL-UNNAMED --add-opens=java.base/java.util.concurrent.atomic=ALL-UNNAMED -Xmx2048m -Dfile.encoding=UTF-8 -Duser.country=IN -Duser.language=en -Duser.variant org.gradle.launcher.daemon.bootstrap.GradleDaemon 7.0.2

Host: Intel(R) Core(TM) i5-8250U CPU @ 1.60GHz, 8 cores, 7G,  Windows 10 , 64 bit Build 19041 (10.0.19041.1566)
Time: Fri Apr 29 00:52:34 2022 India Standard Time elapsed time: 24.942661 seconds (0d 0h 0m 24s)

---------------  T H R E A D  ---------------

Current thread (0x000002867c282800):  VMThread "VM Thread" [stack: 0x000000cacec00000,0x000000caced00000] [id=15632]

Stack: [0x000000cacec00000,0x000000caced00000]
[error occurred during error reporting (printing stack bounds), id 0xc0000005, EXCEPTION_ACCESS_VIOLATION (0xc0000005) at pc=0x0000028665130f2d]

Native frames: (J=compiled Java code, j=interpreted, Vv=VM code, C=native code)
V  [jvm.dll+0x5ecfaa]
V  [jvm.dll+0x722bd5]
V  [jvm.dll+0x72412d]
V  [jvm.dll+0x724745]
V  [jvm.dll+0x7246fb]
V  [jvm.dll+0x5ec348]
V  [jvm.dll+0x5ecad8]
C  [ntdll.dll+0xa20cf]
C  [ntdll.dll+0x51454]
C  [ntdll.dll+0xa0bfe]
C  0x0000028665130f2d

VM_Operation (0x000000cacfff9fc0): G1CollectForAllocation, mode: safepoint, requested by thread 0x000002867e0b8800


---------------  P R O C E S S  ---------------

Threads class SMR info:
_java_thread_list=0x000002860645c9c0, length=52, elements={
0x000002866161a800, 0x000002867c284800, 0x000002867c290000, 0x000002867c29c800,
0x000002867c29f000, 0x000002867c2a0000, 0x000002867c2ae000, 0x000002867c2b2800,
0x000002867c2b5800, 0x000002867cd63800, 0x000002867eed9000, 0x000002867f0b5800,
0x000002867d9ee800, 0x000002867d980800, 0x000002867e224800, 0x000002867d7f1000,
0x000002867e0b8800, 0x000002867e631000, 0x000002867eddd000, 0x000002867f582800,
0x000002867f57e800, 0x000002867f57f800, 0x000002867f582000, 0x000002867f580800,
0x000002867f581000, 0x000002867f583800, 0x000002867f57e000, 0x000002867f584800,
0x000002867d889800, 0x000002867d888800, 0x000002867d886000, 0x000002867d887800,
0x000002867d887000, 0x000002867d885000, 0x000002867d883800, 0x000002867d88a000,
0x000002867d884800, 0x000002867d88b000, 0x000002867d88c800, 0x000002867d88e000,
0x000002867d890800, 0x000002867d88f000, 0x000002867d890000, 0x000002867d88b800,
0x000002867d892000, 0x0000028600e20800, 0x0000028600e22000, 0x0000028600e23800,
0x0000028600e21000, 0x0000028600e24800, 0x0000028600e25000, 0x0000028604125000
}

Java Threads: ( => current thread )
  0x000002866161a800 JavaThread "main" [_thread_blocked, id=17868, stack(0x000000cace600000,0x000000cace700000)]
  0x000002867c284800 JavaThread "Reference Handler" daemon [_thread_blocked, id=14812, stack(0x000000caced00000,0x000000cacee00000)]
  0x000002867c290000 JavaThread "Finalizer" daemon [_thread_blocked, id=16960, stack(0x000000cacee00000,0x000000cacef00000)]
  0x000002867c29c800 JavaThread "Signal Dispatcher" daemon [_thread_blocked, id=7132, stack(0x000000cacef00000,0x000000cacf000000)]
  0x000002867c29f000 JavaThread "Attach Listener" daemon [_thread_blocked, id=15876, stack(0x000000cacf000000,0x000000cacf100000)]
  0x000002867c2a0000 JavaThread "Service Thread" daemon [_thread_blocked, id=16728, stack(0x000000cacf100000,0x000000cacf200000)]
  0x000002867c2ae000 JavaThread "C2 CompilerThread0" daemon [_thread_blocked, id=16476, stack(0x000000cacf200000,0x000000cacf300000)]
  0x000002867c2b2800 JavaThread "C1 CompilerThread0" daemon [_thread_blocked, id=19080, stack(0x000000cacf300000,0x000000cacf400000)]
  0x000002867c2b5800 JavaThread "Sweeper thread" daemon [_thread_blocked, id=19460, stack(0x000000cacf400000,0x000000cacf500000)]
  0x000002867cd63800 JavaThread "Common-Cleaner" daemon [_thread_blocked, id=9248, stack(0x000000cacf500000,0x000000cacf600000)]
  0x000002867eed9000 JavaThread "Daemon health stats" [_thread_blocked, id=8836, stack(0x000000cacfa00000,0x000000cacfb00000)]
  0x000002867f0b5800 JavaThread "Incoming local TCP Connector on port 60619" [_thread_in_native, id=10964, stack(0x000000cacf700000,0x000000cacf800000)]
  0x000002867d9ee800 JavaThread "Daemon periodic checks" [_thread_blocked, id=14720, stack(0x000000cacfb00000,0x000000cacfc00000)]
  0x000002867d980800 JavaThread "Daemon" [_thread_blocked, id=19312, stack(0x000000cacfc00000,0x000000cacfd00000)]
  0x000002867e224800 JavaThread "Handler for socket connection from /127.0.0.1:60619 to /127.0.0.1:60620" [_thread_in_native, id=19400, stack(0x000000cacfd00000,0x000000cacfe00000)]
  0x000002867d7f1000 JavaThread "Cancel handler" [_thread_blocked, id=14640, stack(0x000000cacfe00000,0x000000cacff00000)]
  0x000002867e0b8800 JavaThread "Daemon worker" [_thread_blocked, id=16600, stack(0x000000cacff00000,0x000000cad0000000)]
  0x000002867e631000 JavaThread "Asynchronous log dispatcher for DefaultDaemonConnection: socket connection from /127.0.0.1:60619 to /127.0.0.1:60620" [_thread_blocked, id=16424, stack(0x000000cad0000000,0x000000cad0100000)]
  0x000002867eddd000 JavaThread "Stdin handler" [_thread_blocked, id=22396, stack(0x000000cad0100000,0x000000cad0200000)]
  0x000002867f582800 JavaThread "Daemon client event forwarder" [_thread_blocked, id=9940, stack(0x000000cad0200000,0x000000cad0300000)]
  0x000002867f57e800 JavaThread "Cache worker for file hash cache (C:\Users\New\.gradle\caches\7.0.2\fileHashes)" [_thread_blocked, id=15092, stack(0x000000cad0900000,0x000000cad0a00000)]
  0x000002867f57f800 JavaThread "File lock request listener" [_thread_in_native, id=18952, stack(0x000000cad0a00000,0x000000cad0b00000)]
  0x000002867f582000 JavaThread "File lock release action executor" [_thread_blocked, id=16940, stack(0x000000cad0b00000,0x000000cad0c00000)]
  0x000002867f580800 JavaThread "Cache worker for journal cache (C:\Users\New\.gradle\caches\journal-1)" [_thread_blocked, id=15560, stack(0x000000cad0d00000,0x000000cad0e00000)]
  0x000002867f581000 JavaThread "Cache worker for file hash cache (C:\Users\New\AndroidStudioProjects\healthwatcher\.gradle\7.0.2\fileHashes)" [_thread_blocked, id=4476, stack(0x000000cad0f00000,0x000000cad1000000)]
  0x000002867f583800 JavaThread "File watcher server" daemon [_thread_in_native, id=20824, stack(0x000000cad1000000,0x000000cad1100000)]
  0x000002867f57e000 JavaThread "File watcher consumer" daemon [_thread_blocked, id=3832, stack(0x000000cad1100000,0x000000cad1200000)]
  0x000002867f584800 JavaThread "jar transforms" [_thread_blocked, id=11760, stack(0x000000cad1200000,0x000000cad1300000)]
  0x000002867d889800 JavaThread "jar transforms Thread 2" [_thread_blocked, id=12960, stack(0x000000cad1300000,0x000000cad1400000)]
  0x000002867d888800 JavaThread "jar transforms Thread 3" [_thread_blocked, id=7268, stack(0x000000cad1400000,0x000000cad1500000)]
  0x000002867d886000 JavaThread "jar transforms Thread 4" [_thread_blocked, id=4632, stack(0x000000cad1500000,0x000000cad1600000)]
  0x000002867d887800 JavaThread "jar transforms Thread 5" [_thread_blocked, id=19504, stack(0x000000cad1600000,0x000000cad1700000)]
  0x000002867d887000 JavaThread "jar transforms Thread 6" [_thread_blocked, id=15152, stack(0x000000cad1700000,0x000000cad1800000)]
  0x000002867d885000 JavaThread "jar transforms Thread 7" [_thread_blocked, id=20764, stack(0x000000cad1800000,0x000000cad1900000)]
  0x000002867d883800 JavaThread "jar transforms Thread 8" [_thread_blocked, id=18868, stack(0x000000cad1900000,0x000000cad1a00000)]
  0x000002867d88a000 JavaThread "Cache worker for checksums cache (C:\Users\New\AndroidStudioProjects\healthwatcher\.gradle\checksums)" [_thread_blocked, id=21884, stack(0x000000cad0e00000,0x000000cad0f00000)]
  0x000002867d884800 JavaThread "Cache worker for cache directory md-supplier (C:\Users\New\.gradle\caches\7.0.2\md-supplier)" [_thread_blocked, id=18436, stack(0x000000cad1a00000,0x000000cad1b00000)]
  0x000002867d88b000 JavaThread "Cache worker for cache directory md-rule (C:\Users\New\.gradle\caches\7.0.2\md-rule)" [_thread_blocked, id=12192, stack(0x000000cad1c00000,0x000000cad1d00000)]
  0x000002867d88c800 JavaThread "Cache worker for execution history cache (C:\Users\New\.gradle\caches\7.0.2\executionHistory)" [_thread_blocked, id=12704, stack(0x000000cad1d00000,0x000000cad1e00000)]
  0x000002867d88e000 JavaThread "Cache worker for file content cache (C:\Users\New\.gradle\caches\7.0.2\fileContent)" [_thread_blocked, id=9952, stack(0x000000cad1f00000,0x000000cad2000000)]
  0x000002867d890800 JavaThread "Cache worker for dependencies-accessors (C:\Users\New\AndroidStudioProjects\healthwatcher\.gradle\7.0.2\dependencies-accessors)" [_thread_blocked, id=21944, stack(0x000000cad2000000,0x000000cad2100000)]
  0x000002867d88f000 JavaThread "Cache worker for Build Output Cleanup Cache (C:\Users\New\AndroidStudioProjects\healthwatcher\.gradle\buildOutputCleanup)" [_thread_blocked, id=21232, stack(0x000000cad2100000,0x000000cad2200000)]
  0x000002867d890000 JavaThread "Build operations" [_thread_blocked, id=20984, stack(0x000000cad2200000,0x000000cad2300000)]
  0x000002867d88b800 JavaThread "Build operations Thread 2" [_thread_blocked, id=17636, stack(0x000000cad2300000,0x000000cad2400000)]
  0x000002867d892000 JavaThread "Build operations Thread 3" [_thread_blocked, id=12572, stack(0x000000cad2400000,0x000000cad2500000)]
  0x0000028600e20800 JavaThread "Build operations Thread 4" [_thread_blocked, id=20340, stack(0x000000cad2500000,0x000000cad2600000)]
  0x0000028600e22000 JavaThread "Build operations Thread 5" [_thread_blocked, id=16148, stack(0x000000cad2600000,0x000000cad2700000)]
  0x0000028600e23800 JavaThread "Build operations Thread 6" [_thread_blocked, id=22480, stack(0x000000cad2700000,0x000000cad2800000)]
  0x0000028600e21000 JavaThread "Build operations Thread 7" [_thread_blocked, id=4444, stack(0x000000cad2800000,0x000000cad2900000)]
  0x0000028600e24800 JavaThread "Build operations Thread 8" [_thread_blocked, id=22244, stack(0x000000cad2900000,0x000000cad2a00000)]
  0x0000028600e25000 JavaThread "Memory manager" [_thread_blocked, id=17788, stack(0x000000cad1e00000,0x000000cad1f00000)]
  0x0000028604125000 JavaThread "C2 CompilerThread1" daemon [_thread_blocked, id=16068, stack(0x000000cad1b00000,0x000000cad1c00000)]

Other Threads:
=>0x000002867c282800 VMThread "VM Thread" [stack: 0x000000cacec00000,0x000000caced00000] [id=15632]
  0x000002867cd92000 WatcherThread [stack: 0x000000cacf600000,0x000000cacf700000] [id=2056]
  0x0000028661636000 GCTaskThread "GC Thread#0" [stack: 0x000000cace700000,0x000000cace800000] [id=11764]
  0x000002867d877800 GCTaskThread "GC Thread#1" [stack: 0x000000cacf800000,0x000000cacf900000] [id=8532]
  0x000002867d81b000 GCTaskThread "GC Thread#2" [stack: 0x000000cacf900000,0x000000cacfa00000] [id=20372]
  0x000002867e5f8000 GCTaskThread "GC Thread#3" [stack: 0x000000cad0300000,0x000000cad0400000] [id=19736]
  0x000002867e000800 GCTaskThread "GC Thread#4" [stack: 0x000000cad0400000,0x000000cad0500000] [id=18180]
  0x000002867e476800 GCTaskThread "GC Thread#5" [stack: 0x000000cad0500000,0x000000cad0600000] [id=13716]
  0x000002867d295800 GCTaskThread "GC Thread#6" [stack: 0x000000cad0600000,0x000000cad0700000] [id=9316]
  0x000002867d296800 GCTaskThread "GC Thread#7" [stack: 0x000000cad0700000,0x000000cad0800000] [id=1976]
  0x0000028661667800 ConcurrentGCThread "G1 Main Marker" [stack: 0x000000cace800000,0x000000cace900000] [id=16164]
  0x0000028661669000 ConcurrentGCThread "G1 Conc#0" [stack: 0x000000cace900000,0x000000cacea00000] [id=9424]
  0x000002867ece0000 ConcurrentGCThread "G1 Conc#1" [stack: 0x000000cad0c00000,0x000000cad0d00000] [id=12472]
  0x000002867c0d0800 ConcurrentGCThread "G1 Refine#0" [stack: 0x000000cacea00000,0x000000caceb00000] [id=17392]
  0x000002867ec8f800 ConcurrentGCThread "G1 Refine#1" [stack: 0x000000cad0800000,0x000000cad0900000] [id=12944]
  0x000002867c0d1800 ConcurrentGCThread "G1 Young RemSet Sampling" [stack: 0x000000caceb00000,0x000000cacec00000] [id=22008]

Threads with active compile tasks:
C2 CompilerThread0  25036 10351       4       org.gradle.tooling.internal.adapter.ProtocolToModelAdapter$InvocationHandlerImpl::invoke (176 bytes)
C2 CompilerThread1  25036 10354       4       org.gradle.tooling.internal.adapter.ProtocolToModelAdapter$SafeMethodInvoker::invoke (118 bytes)

VM state:at safepoint (normal execution)

VM Mutex/Monitor currently owned by a thread:  ([mutex/lock_event])
[0x0000028661617630] Threads_lock - owner thread: 0x000002867c282800
[0x0000028661617900] Heap_lock - owner thread: 0x000002867e0b8800

Heap address: 0x0000000080000000, size: 2048 MB, Compressed Oops mode: 32-bit
Narrow klass base: 0x0000000000000000, Narrow klass shift: 3
Compressed class space size: 1073741824 Address: 0x0000000100000000

Heap:
 garbage-first heap   total 189440K, used 98940K [0x0000000080000000, 0x0000000100000000)
  region size 1024K, 4 young (4096K), 4 survivors (4096K)
 Metaspace       used 93039K, capacity 95878K, committed 95948K, reserved 1132544K
  class space    used 12010K, capacity 13037K, committed 13056K, reserved 1048576K
Heap Regions: E=young(eden), S=young(survivor), O=old, HS=humongous(starts), HC=humongous(continues), CS=collection set, F=free, A=archive, TAMS=top-at-mark-start (previous, next)
|   0|0x0000000080000000, 0x0000000080100000, 0x0000000080100000|100%| O|  |TAMS 0x0000000080100000, 0x0000000080100000| Untracked 
|   1|0x0000000080100000, 0x0000000080200000, 0x0000000080200000|100%| O|  |TAMS 0x0000000080200000, 0x0000000080200000| Untracked 
|   2|0x0000000080200000, 0x0000000080300000, 0x0000000080300000|100%| O|  |TAMS 0x0000000080300000, 0x0000000080300000| Untracked 
|   3|0x0000000080300000, 0x0000000080400000, 0x0000000080400000|100%|HS|  |TAMS 0x0000000080400000, 0x0000000080400000| Complete 
|   4|0x0000000080400000, 0x0000000080500000, 0x0000000080500000|100%|HC|  |TAMS 0x0000000080500000, 0x0000000080500000| Complete 
|   5|0x0000000080500000, 0x0000000080600000, 0x0000000080600000|100%|HC|  |TAMS 0x0000000080600000, 0x0000000080600000| Complete 
|   6|0x0000000080600000, 0x0000000080700000, 0x0000000080700000|100%| O|  |TAMS 0x0000000080700000, 0x0000000080700000| Untracked 
|   7|0x0000000080700000, 0x0000000080800000, 0x0000000080800000|100%| O|  |TAMS 0x0000000080800000, 0x0000000080800000| Untracked 
|   8|0x0000000080800000, 0x0000000080900000, 0x0000000080900000|100%| O|  |TAMS 0x0000000080900000, 0x0000000080900000| Untracked 
|   9|0x0000000080900000, 0x0000000080a00000, 0x0000000080a00000|100%| O|  |TAMS 0x0000000080a00000, 0x0000000080a00000| Untracked 
|  10|0x0000000080a00000, 0x0000000080b00000, 0x0000000080b00000|100%| O|  |TAMS 0x0000000080b00000, 0x0000000080b00000| Untracked 
|  11|0x0000000080b00000, 0x0000000080c00000, 0x0000000080c00000|100%| O|  |TAMS 0x0000000080c00000, 0x0000000080c00000| Untracked 
|  12|0x0000000080c00000, 0x0000000080d00000, 0x0000000080d00000|100%| O|  |TAMS 0x0000000080d00000, 0x0000000080d00000| Untracked 
|  13|0x0000000080d00000, 0x0000000080e00000, 0x0000000080e00000|100%| O|  |TAMS 0x0000000080e00000, 0x0000000080e00000| Untracked 
|  14|0x0000000080e00000, 0x0000000080f00000, 0x0000000080f00000|100%| O|  |TAMS 0x0000000080f00000, 0x0000000080f00000| Untracked 
|  15|0x0000000080f00000, 0x0000000081000000, 0x0000000081000000|100%| O|  |TAMS 0x0000000081000000, 0x0000000081000000| Untracked 
|  16|0x0000000081000000, 0x0000000081100000, 0x0000000081100000|100%|HS|  |TAMS 0x0000000081100000, 0x0000000081100000| Complete 
|  17|0x0000000081100000, 0x0000000081200000, 0x0000000081200000|100%|HC|  |TAMS 0x0000000081200000, 0x0000000081200000| Complete 
|  18|0x0000000081200000, 0x0000000081300000, 0x0000000081300000|100%|HS|  |TAMS 0x0000000081300000, 0x0000000081300000| Complete 
|  19|0x0000000081300000, 0x0000000081400000, 0x0000000081400000|100%|HC|  |TAMS 0x0000000081400000, 0x0000000081400000| Complete 
|  20|0x0000000081400000, 0x0000000081500000, 0x0000000081500000|100%|HC|  |TAMS 0x0000000081500000, 0x0000000081500000| Complete 
|  21|0x0000000081500000, 0x0000000081600000, 0x0000000081600000|100%|HS|  |TAMS 0x0000000081600000, 0x0000000081600000| Complete 
|  22|0x0000000081600000, 0x0000000081700000, 0x0000000081700000|100%|HC|  |TAMS 0x0000000081700000, 0x0000000081700000| Complete 
|  23|0x0000000081700000, 0x0000000081800000, 0x0000000081800000|100%|HC|  |TAMS 0x0000000081800000, 0x0000000081800000| Complete 
|  24|0x0000000081800000, 0x0000000081900000, 0x0000000081900000|100%|HC|  |TAMS 0x0000000081900000, 0x0000000081900000| Complete 
|  25|0x0000000081900000, 0x0000000081a00000, 0x0000000081a00000|100%|HC|  |TAMS 0x0000000081a00000, 0x0000000081a00000| Complete 
|  26|0x0000000081a00000, 0x0000000081b00000, 0x0000000081b00000|100%| O|  |TAMS 0x0000000081b00000, 0x0000000081b00000| Untracked 
|  27|0x0000000081b00000, 0x0000000081c00000, 0x0000000081c00000|100%| O|  |TAMS 0x0000000081c00000, 0x0000000081c00000| Untracked 
|  28|0x0000000081c00000, 0x0000000081d00000, 0x0000000081d00000|100%| O|  |TAMS 0x0000000081d00000, 0x0000000081d00000| Untracked 
|  29|0x0000000081d00000, 0x0000000081e00000, 0x0000000081e00000|100%| O|  |TAMS 0x0000000081e00000, 0x0000000081e00000| Untracked 
|  30|0x0000000081e00000, 0x0000000081f00000, 0x0000000081f00000|100%| O|  |TAMS 0x0000000081f00000, 0x0000000081f00000| Untracked 
|  31|0x0000000081f00000, 0x0000000082000000, 0x0000000082000000|100%| O|  |TAMS 0x0000000082000000, 0x0000000082000000| Untracked 
|  32|0x0000000082000000, 0x0000000082100000, 0x0000000082100000|100%| O|  |TAMS 0x0000000082100000, 0x0000000082100000| Untracked 
|  33|0x0000000082100000, 0x0000000082200000, 0x0000000082200000|100%|HS|  |TAMS 0x0000000082200000, 0x0000000082200000| Complete 
|  34|0x0000000082200000, 0x0000000082300000, 0x0000000082300000|100%|HC|  |TAMS 0x0000000082300000, 0x0000000082300000| Complete 
|  35|0x0000000082300000, 0x0000000082400000, 0x0000000082400000|100%|HC|  |TAMS 0x0000000082400000, 0x0000000082400000| Complete 
|  36|0x0000000082400000, 0x0000000082500000, 0x0000000082500000|100%|HC|  |TAMS 0x0000000082500000, 0x0000000082500000| Complete 
|  37|0x0000000082500000, 0x0000000082600000, 0x0000000082600000|100%|HC|  |TAMS 0x0000000082600000, 0x0000000082600000| Complete 
|  38|0x0000000082600000, 0x0000000082700000, 0x0000000082700000|100%|HS|  |TAMS 0x0000000082700000, 0x0000000082700000| Complete 
|  39|0x0000000082700000, 0x0000000082800000, 0x0000000082800000|100%|HC|  |TAMS 0x0000000082800000, 0x0000000082800000| Complete 
|  40|0x0000000082800000, 0x0000000082900000, 0x0000000082900000|100%|HC|  |TAMS 0x0000000082900000, 0x0000000082900000| Complete 
|  41|0x0000000082900000, 0x0000000082a00000, 0x0000000082a00000|100%| O|  |TAMS 0x0000000082a00000, 0x0000000082a00000| Untracked 
|  42|0x0000000082a00000, 0x0000000082b00000, 0x0000000082b00000|100%| O|  |TAMS 0x0000000082b00000, 0x0000000082b00000| Untracked 
|  43|0x0000000082b00000, 0x0000000082c00000, 0x0000000082c00000|100%| O|  |TAMS 0x0000000082c00000, 0x0000000082c00000| Untracked 
|  44|0x0000000082c00000, 0x0000000082d00000, 0x0000000082d00000|100%| O|  |TAMS 0x0000000082d00000, 0x0000000082d00000| Untracked 
|  45|0x0000000082d00000, 0x0000000082e00000, 0x0000000082e00000|100%| O|  |TAMS 0x0000000082e00000, 0x0000000082e00000| Untracked 
|  46|0x0000000082e00000, 0x0000000082f00000, 0x0000000082f00000|100%| O|  |TAMS 0x0000000082f00000, 0x0000000082f00000| Untracked 
|  47|0x0000000082f00000, 0x0000000083000000, 0x0000000083000000|100%| O|  |TAMS 0x0000000083000000, 0x0000000083000000| Untracked 
|  48|0x0000000083000000, 0x0000000083100000, 0x0000000083100000|100%| O|  |TAMS 0x0000000083100000, 0x0000000083100000| Untracked 
|  49|0x0000000083100000, 0x0000000083200000, 0x0000000083200000|100%| O|  |TAMS 0x0000000083200000, 0x0000000083200000| Untracked 
|  50|0x0000000083200000, 0x0000000083300000, 0x0000000083300000|100%| O|  |TAMS 0x0000000083300000, 0x0000000083300000| Untracked 
|  51|0x0000000083300000, 0x0000000083400000, 0x0000000083400000|100%|HS|  |TAMS 0x0000000083400000, 0x0000000083400000| Complete 
|  52|0x0000000083400000, 0x0000000083500000, 0x0000000083500000|100%|HS|  |TAMS 0x0000000083500000, 0x0000000083500000| Complete 
|  53|0x0000000083500000, 0x0000000083600000, 0x0000000083600000|100%|HS|  |TAMS 0x0000000083600000, 0x0000000083600000| Complete 
|  54|0x0000000083600000, 0x0000000083700000, 0x0000000083700000|100%|HC|  |TAMS 0x0000000083700000, 0x0000000083700000| Complete 
|  55|0x0000000083700000, 0x0000000083800000, 0x0000000083800000|100%| O|  |TAMS 0x0000000083800000, 0x0000000083800000| Untracked 
|  56|0x0000000083800000, 0x0000000083900000, 0x0000000083900000|100%| O|  |TAMS 0x0000000083900000, 0x0000000083900000| Untracked 
|  57|0x0000000083900000, 0x0000000083a00000, 0x0000000083a00000|100%| O|  |TAMS 0x0000000083a00000, 0x0000000083a00000| Untracked 
|  58|0x0000000083a00000, 0x0000000083b00000, 0x0000000083b00000|100%| O|  |TAMS 0x0000000083b00000, 0x0000000083b00000| Untracked 
|  59|0x0000000083b00000, 0x0000000083c00000, 0x0000000083c00000|100%| O|  |TAMS 0x0000000083c00000, 0x0000000083c00000| Untracked 
|  60|0x0000000083c00000, 0x0000000083d00000, 0x0000000083d00000|100%| O|  |TAMS 0x0000000083d00000, 0x0000000083d00000| Untracked 
|  61|0x0000000083d00000, 0x0000000083e00000, 0x0000000083e00000|100%| O|  |TAMS 0x0000000083e00000, 0x0000000083e00000| Untracked 
|  62|0x0000000083e00000, 0x0000000083f00000, 0x0000000083f00000|100%| O|  |TAMS 0x0000000083f00000, 0x0000000083f00000| Untracked 
|  63|0x0000000083f00000, 0x0000000084000000, 0x0000000084000000|100%| O|  |TAMS 0x0000000084000000, 0x0000000084000000| Untracked 
|  64|0x0000000084000000, 0x0000000084100000, 0x0000000084100000|100%| O|  |TAMS 0x0000000084100000, 0x0000000084100000| Untracked 
|  65|0x0000000084100000, 0x0000000084200000, 0x0000000084200000|100%| O|  |TAMS 0x0000000084200000, 0x0000000084200000| Untracked 
|  66|0x0000000084200000, 0x0000000084300000, 0x0000000084300000|100%| O|  |TAMS 0x0000000084300000, 0x0000000084300000| Untracked 
|  67|0x0000000084300000, 0x0000000084400000, 0x0000000084400000|100%| O|  |TAMS 0x0000000084400000, 0x0000000084400000| Untracked 
|  68|0x0000000084400000, 0x0000000084500000, 0x0000000084500000|100%| O|  |TAMS 0x0000000084500000, 0x0000000084500000| Untracked 
|  69|0x0000000084500000, 0x0000000084600000, 0x0000000084600000|100%| O|  |TAMS 0x0000000084600000, 0x0000000084600000| Untracked 
|  70|0x0000000084600000, 0x0000000084700000, 0x0000000084700000|100%| O|  |TAMS 0x0000000084700000, 0x0000000084700000| Untracked 
|  71|0x0000000084700000, 0x0000000084800000, 0x0000000084800000|100%| O|  |TAMS 0x0000000084800000, 0x0000000084800000| Untracked 
|  72|0x0000000084800000, 0x0000000084900000, 0x0000000084900000|100%| O|  |TAMS 0x0000000084900000, 0x0000000084900000| Untracked 
|  73|0x0000000084900000, 0x0000000084a00000, 0x0000000084a00000|100%| O|  |TAMS 0x0000000084a00000, 0x0000000084a00000| Untracked 
|  74|0x0000000084a00000, 0x0000000084b00000, 0x0000000084b00000|100%| O|  |TAMS 0x0000000084b00000, 0x0000000084b00000| Untracked 
|  75|0x0000000084b00000, 0x0000000084c00000, 0x0000000084c00000|100%| O|  |TAMS 0x0000000084c00000, 0x0000000084c00000| Untracked 
|  76|0x0000000084c00000, 0x0000000084d00000, 0x0000000084d00000|100%| O|  |TAMS 0x0000000084d00000, 0x0000000084d00000| Untracked 
|  77|0x0000000084d00000, 0x0000000084e00000, 0x0000000084e00000|100%| O|  |TAMS 0x0000000084e00000, 0x0000000084e00000| Untracked 
|  78|0x0000000084e00000, 0x0000000084f00000, 0x0000000084f00000|100%| O|  |TAMS 0x0000000084f00000, 0x0000000084f00000| Untracked 
|  79|0x0000000084f00000, 0x0000000085000000, 0x0000000085000000|100%| O|  |TAMS 0x0000000085000000, 0x0000000085000000| Untracked 
|  80|0x0000000085000000, 0x0000000085100000, 0x0000000085100000|100%| O|  |TAMS 0x0000000085100000, 0x0000000085100000| Untracked 
|  81|0x0000000085100000, 0x0000000085200000, 0x0000000085200000|100%| O|  |TAMS 0x0000000085200000, 0x0000000085200000| Untracked 
|  82|0x0000000085200000, 0x0000000085300000, 0x0000000085300000|100%| O|  |TAMS 0x0000000085300000, 0x0000000085300000| Untracked 
|  83|0x0000000085300000, 0x0000000085400000, 0x0000000085400000|100%| O|  |TAMS 0x0000000085400000, 0x0000000085400000| Untracked 
|  84|0x0000000085400000, 0x0000000085500000, 0x0000000085500000|100%| O|  |TAMS 0x0000000085500000, 0x0000000085500000| Untracked 
|  85|0x0000000085500000, 0x0000000085600000, 0x0000000085600000|100%| O|  |TAMS 0x0000000085600000, 0x0000000085600000| Untracked 
|  86|0x0000000085600000, 0x0000000085700000, 0x0000000085700000|100%| O|  |TAMS 0x0000000085700000, 0x0000000085700000| Untracked 
|  87|0x0000000085700000, 0x0000000085800000, 0x0000000085800000|100%| O|  |TAMS 0x0000000085800000, 0x0000000085800000| Untracked 
|  88|0x0000000085800000, 0x0000000085900000, 0x0000000085900000|100%| O|  |TAMS 0x0000000085800000, 0x0000000085900000| Untracked 
|  89|0x0000000085900000, 0x0000000085a00000, 0x0000000085a00000|100%| O|  |TAMS 0x0000000085900000, 0x0000000085a00000| Untracked 
|  90|0x0000000085a00000, 0x0000000085b00000, 0x0000000085b00000|100%| O|  |TAMS 0x0000000085a00000, 0x0000000085b00000| Untracked 
|  91|0x0000000085b00000, 0x0000000085c00000, 0x0000000085c00000|100%| O|  |TAMS 0x0000000085b00000, 0x0000000085c00000| Untracked 
|  92|0x0000000085c00000, 0x0000000085ca7a00, 0x0000000085d00000| 65%| O|  |TAMS 0x0000000085c00000, 0x0000000085ca7a00| Untracked 
|  93|0x0000000085d00000, 0x0000000085d00000, 0x0000000085e00000|  0%| F|  |TAMS 0x0000000085d00000, 0x0000000085d00000| Untracked 
|  94|0x0000000085e00000, 0x0000000085e00000, 0x0000000085f00000|  0%| F|  |TAMS 0x0000000085e00000, 0x0000000085e00000| Untracked 
|  95|0x0000000085f00000, 0x0000000085f00000, 0x0000000086000000|  0%| F|  |TAMS 0x0000000085f00000, 0x0000000085f00000| Untracked 
|  96|0x0000000086000000, 0x0000000086000000, 0x0000000086100000|  0%| F|  |TAMS 0x0000000086000000, 0x0000000086000000| Untracked 
|  97|0x0000000086100000, 0x0000000086100000, 0x0000000086200000|  0%| F|  |TAMS 0x0000000086100000, 0x0000000086100000| Untracked 
|  98|0x0000000086200000, 0x0000000086200000, 0x0000000086300000|  0%| F|  |TAMS 0x0000000086200000, 0x0000000086200000| Untracked 
|  99|0x0000000086300000, 0x0000000086300000, 0x0000000086400000|  0%| F|  |TAMS 0x0000000086300000, 0x0000000086300000| Untracked 
| 100|0x0000000086400000, 0x0000000086400000, 0x0000000086500000|  0%| F|  |TAMS 0x0000000086400000, 0x0000000086400000| Untracked 
| 101|0x0000000086500000, 0x0000000086500000, 0x0000000086600000|  0%| F|  |TAMS 0x0000000086500000, 0x0000000086500000| Untracked 
| 102|0x0000000086600000, 0x0000000086600000, 0x0000000086700000|  0%| F|  |TAMS 0x0000000086600000, 0x0000000086600000| Untracked 
| 103|0x0000000086700000, 0x0000000086700000, 0x0000000086800000|  0%| F|  |TAMS 0x0000000086700000, 0x0000000086700000| Untracked 
| 104|0x0000000086800000, 0x0000000086800000, 0x0000000086900000|  0%| F|  |TAMS 0x0000000086800000, 0x0000000086800000| Untracked 
| 105|0x0000000086900000, 0x0000000086900000, 0x0000000086a00000|  0%| F|  |TAMS 0x0000000086900000, 0x0000000086900000| Untracked 
| 106|0x0000000086a00000, 0x0000000086a00000, 0x0000000086b00000|  0%| F|  |TAMS 0x0000000086a00000, 0x0000000086a00000| Untracked 
| 107|0x0000000086b00000, 0x0000000086b00000, 0x0000000086c00000|  0%| F|  |TAMS 0x0000000086b00000, 0x0000000086b00000| Untracked 
| 108|0x0000000086c00000, 0x0000000086c00000, 0x0000000086d00000|  0%| F|  |TAMS 0x0000000086c00000, 0x0000000086c00000| Untracked 
| 109|0x0000000086d00000, 0x0000000086d00000, 0x0000000086e00000|  0%| F|  |TAMS 0x0000000086d00000, 0x0000000086d00000| Untracked 
| 110|0x0000000086e00000, 0x0000000086e00000, 0x0000000086f00000|  0%| F|  |TAMS 0x0000000086e00000, 0x0000000086e00000| Untracked 
| 111|0x0000000086f00000, 0x0000000086f00000, 0x0000000087000000|  0%| F|  |TAMS 0x0000000086f00000, 0x0000000086f00000| Untracked 
| 112|0x0000000087000000, 0x0000000087000000, 0x0000000087100000|  0%| F|  |TAMS 0x0000000087000000, 0x0000000087000000| Untracked 
| 113|0x0000000087100000, 0x0000000087100000, 0x0000000087200000|  0%| F|  |TAMS 0x0000000087100000, 0x0000000087100000| Untracked 
| 114|0x0000000087200000, 0x0000000087200000, 0x0000000087300000|  0%| F|  |TAMS 0x0000000087200000, 0x0000000087200000| Untracked 
| 115|0x0000000087300000, 0x0000000087300000, 0x0000000087400000|  0%| F|  |TAMS 0x0000000087300000, 0x0000000087300000| Untracked 
| 116|0x0000000087400000, 0x00000000874f77b0, 0x0000000087500000| 96%| S|CS|TAMS 0x0000000087400000, 0x0000000087400000| Complete 
| 117|0x0000000087500000, 0x0000000087600000, 0x0000000087600000|100%| S|CS|TAMS 0x0000000087500000, 0x0000000087500000| Complete 
| 118|0x0000000087600000, 0x0000000087700000, 0x0000000087700000|100%| S|CS|TAMS 0x0000000087600000, 0x0000000087600000| Complete 
| 119|0x0000000087700000, 0x0000000087800000, 0x0000000087800000|100%| S|CS|TAMS 0x0000000087700000, 0x0000000087700000| Complete 
| 120|0x0000000087800000, 0x0000000087800000, 0x0000000087900000|  0%| F|  |TAMS 0x0000000087800000, 0x0000000087800000| Untracked 
| 121|0x0000000087900000, 0x0000000087900000, 0x0000000087a00000|  0%| F|  |TAMS 0x0000000087900000, 0x0000000087900000| Untracked 
| 122|0x0000000087a00000, 0x0000000087a00000, 0x0000000087b00000|  0%| F|  |TAMS 0x0000000087a00000, 0x0000000087a00000| Untracked 
| 123|0x0000000087b00000, 0x0000000087b00000, 0x0000000087c00000|  0%| F|  |TAMS 0x0000000087b00000, 0x0000000087b00000| Untracked 
| 124|0x0000000087c00000, 0x0000000087c00000, 0x0000000087d00000|  0%| F|  |TAMS 0x0000000087c00000, 0x0000000087c00000| Untracked 
| 125|0x0000000087d00000, 0x0000000087d00000, 0x0000000087e00000|  0%| F|  |TAMS 0x0000000087d00000, 0x0000000087d00000| Untracked 
| 126|0x0000000087e00000, 0x0000000087e00000, 0x0000000087f00000|  0%| F|  |TAMS 0x0000000087e00000, 0x0000000087e00000| Untracked 
| 127|0x0000000087f00000, 0x0000000087f00000, 0x0000000088000000|  0%| F|  |TAMS 0x0000000087f00000, 0x0000000087f00000| Untracked 
| 128|0x0000000088000000, 0x0000000088000000, 0x0000000088100000|  0%| F|  |TAMS 0x0000000088000000, 0x0000000088000000| Untracked 
| 129|0x0000000088100000, 0x0000000088100000, 0x0000000088200000|  0%| F|  |TAMS 0x0000000088100000, 0x0000000088100000| Untracked 
| 130|0x0000000088200000, 0x0000000088200000, 0x0000000088300000|  0%| F|  |TAMS 0x0000000088200000, 0x0000000088200000| Untracked 
| 131|0x0000000088300000, 0x0000000088300000, 0x0000000088400000|  0%| F|  |TAMS 0x0000000088300000, 0x0000000088300000| Untracked 
| 132|0x0000000088400000, 0x0000000088400000, 0x0000000088500000|  0%| F|  |TAMS 0x0000000088400000, 0x0000000088400000| Untracked 
| 133|0x0000000088500000, 0x0000000088500000, 0x0000000088600000|  0%| F|  |TAMS 0x0000000088500000, 0x0000000088500000| Untracked 
| 134|0x0000000088600000, 0x0000000088600000, 0x0000000088700000|  0%| F|  |TAMS 0x0000000088600000, 0x0000000088600000| Untracked 
| 135|0x0000000088700000, 0x0000000088700000, 0x0000000088800000|  0%| F|  |TAMS 0x0000000088700000, 0x0000000088700000| Untracked 
| 136|0x0000000088800000, 0x0000000088800000, 0x0000000088900000|  0%| F|  |TAMS 0x0000000088800000, 0x0000000088800000| Untracked 
| 137|0x0000000088900000, 0x0000000088900000, 0x0000000088a00000|  0%| F|  |TAMS 0x0000000088900000, 0x0000000088900000| Untracked 
| 138|0x0000000088a00000, 0x0000000088a00000, 0x0000000088b00000|  0%| F|  |TAMS 0x0000000088a00000, 0x0000000088a00000| Untracked 
| 139|0x0000000088b00000, 0x0000000088b00000, 0x0000000088c00000|  0%| F|  |TAMS 0x0000000088b00000, 0x0000000088b00000| Untracked 
| 140|0x0000000088c00000, 0x0000000088c00000, 0x0000000088d00000|  0%| F|  |TAMS 0x0000000088c00000, 0x0000000088c00000| Untracked 
| 141|0x0000000088d00000, 0x0000000088d00000, 0x0000000088e00000|  0%| F|  |TAMS 0x0000000088d00000, 0x0000000088d00000| Untracked 
| 142|0x0000000088e00000, 0x0000000088e00000, 0x0000000088f00000|  0%| F|  |TAMS 0x0000000088e00000, 0x0000000088e00000| Untracked 
| 143|0x0000000088f00000, 0x0000000088f00000, 0x0000000089000000|  0%| F|  |TAMS 0x0000000088f00000, 0x0000000088f00000| Untracked 
| 144|0x0000000089000000, 0x0000000089000000, 0x0000000089100000|  0%| F|  |TAMS 0x0000000089000000, 0x0000000089000000| Untracked 
| 145|0x0000000089100000, 0x0000000089100000, 0x0000000089200000|  0%| F|  |TAMS 0x0000000089100000, 0x0000000089100000| Untracked 
| 146|0x0000000089200000, 0x0000000089200000, 0x0000000089300000|  0%| F|  |TAMS 0x0000000089200000, 0x0000000089200000| Untracked 
| 147|0x0000000089300000, 0x0000000089300000, 0x0000000089400000|  0%| F|  |TAMS 0x0000000089300000, 0x0000000089300000| Untracked 
| 148|0x0000000089400000, 0x0000000089400000, 0x0000000089500000|  0%| F|  |TAMS 0x0000000089400000, 0x0000000089400000| Untracked 
| 149|0x0000000089500000, 0x0000000089500000, 0x0000000089600000|  0%| F|  |TAMS 0x0000000089500000, 0x0000000089500000| Untracked 
| 150|0x0000000089600000, 0x0000000089600000, 0x0000000089700000|  0%| F|  |TAMS 0x0000000089600000, 0x0000000089600000| Untracked 
| 151|0x0000000089700000, 0x0000000089700000, 0x0000000089800000|  0%| F|  |TAMS 0x0000000089700000, 0x0000000089700000| Untracked 
| 152|0x0000000089800000, 0x0000000089800000, 0x0000000089900000|  0%| F|  |TAMS 0x0000000089800000, 0x0000000089800000| Untracked 
| 153|0x0000000089900000, 0x0000000089900000, 0x0000000089a00000|  0%| F|  |TAMS 0x0000000089900000, 0x0000000089900000| Untracked 

Card table byte_map: [0x0000028674fa0000,0x00000286753a0000] _byte_map_base: 0x0000028674ba0000

Marking Bits (Prev, Next): (CMBitMap*) 0x000002866165ed38, (CMBitMap*) 0x000002866165ed70
 Prev Bits: [0x00000286757a0000, 0x00000286777a0000)
 Next Bits: [0x00000286777a0000, 0x00000286797a0000)

Polling page: 0x0000028661700000

Metaspace:

Usage:
  Non-class:     80.90 MB capacity,    79.13 MB ( 98%) used,     1.50 MB (  2%) free+waste,   274.25 KB ( <1%) overhead. 
      Class:     12.73 MB capacity,    11.73 MB ( 92%) used,   896.41 KB (  7%) free+waste,   130.06 KB ( <1%) overhead. 
       Both:     93.63 MB capacity,    90.86 MB ( 97%) used,     2.38 MB (  3%) free+waste,   404.31 KB ( <1%) overhead. 

Virtual space:
  Non-class space:       82.00 MB reserved,      80.95 MB ( 99%) committed 
      Class space:        1.00 GB reserved,      12.75 MB (  1%) committed 
             Both:        1.08 GB reserved,      93.70 MB (  8%) committed 

Chunk freelists:
   Non-Class:  51.00 KB
       Class:  19.00 KB
        Both:  70.00 KB

MaxMetaspaceSize: 17179869184.00 GB
CompressedClassSpaceSize: 1.00 GB

CodeHeap 'non-profiled nmethods': size=120000Kb used=6480Kb max_used=6480Kb free=113519Kb
 bounds [0x000002866cc00000, 0x000002866d260000, 0x0000028674130000]
CodeHeap 'profiled nmethods': size=120000Kb used=22892Kb max_used=22892Kb free=97107Kb
 bounds [0x00000286656d0000, 0x0000028666d30000, 0x000002866cc00000]
CodeHeap 'non-nmethods': size=5760Kb used=2306Kb max_used=2347Kb free=3453Kb
 bounds [0x0000028665130000, 0x00000286653a0000, 0x00000286656d0000]
 total_blobs=11203 nmethods=10295 adapters=819
 compilation: enabled
              stopped_count=0, restarted_count=0
 full_count=0

Compilation events (20 events):
Event: 24.850 Thread 0x0000028604125000 nmethod 10331 0x000002866d251090 code [0x000002866d251220, 0x000002866d2512b8]
Event: 24.850 Thread 0x0000028604125000 10332       4       sun.reflect.generics.reflectiveObjects.ParameterizedTypeImpl::getActualTypeArguments (11 bytes)
Event: 24.851 Thread 0x0000028604125000 nmethod 10332 0x000002866d251390 code [0x000002866d251520, 0x000002866d251678]
Event: 24.863 Thread 0x000002867c2ae000 nmethod 10339 0x000002866d251790 code [0x000002866d251980, 0x000002866d252668]
Event: 24.864 Thread 0x000002867c2b2800 10344       3       kotlin.jvm.internal.Intrinsics::areEqual (22 bytes)
Event: 24.865 Thread 0x000002867c2b2800 nmethod 10344 0x0000028666d2ad90 code [0x0000028666d2af60, 0x0000028666d2b1a8]
Event: 24.865 Thread 0x0000028604125000 10345       4       org.gradle.tooling.internal.adapter.ProtocolToModelAdapter$MethodInvocationCache$MethodInvocationKey::eq (41 bytes)
Event: 24.867 Thread 0x000002867c2b2800 10346       1       com.android.build.gradle.internal.ide.AndroidLibraryImpl::getFolder (5 bytes)
Event: 24.867 Thread 0x000002867c2b2800 nmethod 10346 0x000002866d252f90 code [0x000002866d253140, 0x000002866d2531f8]
Event: 24.867 Thread 0x000002867c2b2800 10347       1       com.android.build.gradle.internal.ide.AndroidLibraryImpl::getLocalJars (5 bytes)
Event: 24.867 Thread 0x0000028604125000 nmethod 10345 0x000002866d253290 code [0x000002866d253440, 0x000002866d2535f8]
Event: 24.868 Thread 0x000002867c2b2800 nmethod 10347 0x000002866d253790 code [0x000002866d253940, 0x000002866d2539f8]
Event: 24.868 Thread 0x000002867c2b2800 10348       1       com.android.build.gradle.internal.ide.AndroidLibraryImpl::getBundle (5 bytes)
Event: 24.868 Thread 0x000002867c2b2800 nmethod 10348 0x000002866d253a90 code [0x000002866d253c40, 0x000002866d253cf8]
Event: 24.868 Thread 0x000002867c2b2800 10349       1       com.android.build.gradle.internal.ide.AndroidLibraryImpl::getLibraryDependencies (5 bytes)
Event: 24.868 Thread 0x000002867c2b2800 nmethod 10349 0x000002866d253d90 code [0x000002866d253f40, 0x000002866d253ff8]
Event: 24.868 Thread 0x000002867c2b2800 10350       1       com.android.build.gradle.internal.ide.AndroidLibraryImpl::getJavaDependencies (5 bytes)
Event: 24.868 Thread 0x000002867c2b2800 nmethod 10350 0x000002866d254090 code [0x000002866d254240, 0x000002866d2542f8]
Event: 24.868 Thread 0x000002867c2ae000 10351       4       org.gradle.tooling.internal.adapter.ProtocolToModelAdapter$InvocationHandlerImpl::invoke (176 bytes)
Event: 24.868 Thread 0x0000028604125000 10354       4       org.gradle.tooling.internal.adapter.ProtocolToModelAdapter$SafeMethodInvoker::invoke (118 bytes)

GC Heap History (20 events):
Event: 18.569 GC heap after
{Heap after GC invocations=26 (full 0):
 garbage-first heap   total 131072K, used 82287K [0x0000000080000000, 0x0000000100000000)
  region size 1024K, 2 young (2048K), 2 survivors (2048K)
 Metaspace       used 72638K, capacity 74672K, committed 74828K, reserved 1114112K
  class space    used 9447K, capacity 10111K, committed 10112K, reserved 1048576K
}
Event: 18.886 GC heap before
{Heap before GC invocations=26 (full 0):
 garbage-first heap   total 131072K, used 105839K [0x0000000080000000, 0x0000000100000000)
  region size 1024K, 25 young (25600K), 2 survivors (2048K)
 Metaspace       used 73715K, capacity 75741K, committed 75852K, reserved 1114112K
  class space    used 9582K, capacity 10269K, committed 10368K, reserved 1048576K
}
Event: 18.891 GC heap after
{Heap after GC invocations=27 (full 0):
 garbage-first heap   total 131072K, used 83483K [0x0000000080000000, 0x0000000100000000)
  region size 1024K, 3 young (3072K), 3 survivors (3072K)
 Metaspace       used 73715K, capacity 75741K, committed 75852K, reserved 1114112K
  class space    used 9582K, capacity 10269K, committed 10368K, reserved 1048576K
}
Event: 19.419 GC heap before
{Heap before GC invocations=28 (full 0):
 garbage-first heap   total 131072K, used 107035K [0x0000000080000000, 0x0000000100000000)
  region size 1024K, 26 young (26624K), 3 survivors (3072K)
 Metaspace       used 75208K, capacity 77318K, committed 77516K, reserved 1116160K
  class space    used 9795K, capacity 10493K, committed 10496K, reserved 1048576K
}
Event: 19.424 GC heap after
{Heap after GC invocations=29 (full 0):
 garbage-first heap   total 131072K, used 85151K [0x0000000080000000, 0x0000000100000000)
  region size 1024K, 4 young (4096K), 4 survivors (4096K)
 Metaspace       used 75208K, capacity 77318K, committed 77516K, reserved 1116160K
  class space    used 9795K, capacity 10493K, committed 10496K, reserved 1048576K
}
Event: 19.654 GC heap before
{Heap before GC invocations=29 (full 0):
 garbage-first heap   total 131072K, used 107679K [0x0000000080000000, 0x0000000100000000)
  region size 1024K, 26 young (26624K), 4 survivors (4096K)
 Metaspace       used 76484K, capacity 78642K, committed 78796K, reserved 1118208K
  class space    used 9965K, capacity 10699K, committed 10752K, reserved 1048576K
}
Event: 19.660 GC heap after
{Heap after GC invocations=30 (full 0):
 garbage-first heap   total 131072K, used 86897K [0x0000000080000000, 0x0000000100000000)
  region size 1024K, 4 young (4096K), 4 survivors (4096K)
 Metaspace       used 76484K, capacity 78642K, committed 78796K, reserved 1118208K
  class space    used 9965K, capacity 10699K, committed 10752K, reserved 1048576K
}
Event: 20.089 GC heap before
{Heap before GC invocations=31 (full 0):
 garbage-first heap   total 131072K, used 105329K [0x0000000080000000, 0x0000000100000000)
  region size 1024K, 24 young (24576K), 4 survivors (4096K)
 Metaspace       used 78474K, capacity 80756K, committed 80844K, reserved 1120256K
  class space    used 10198K, capacity 10931K, committed 11008K, reserved 1048576K
}
Event: 20.094 GC heap after
{Heap after GC invocations=32 (full 0):
 garbage-first heap   total 131072K, used 88644K [0x0000000080000000, 0x0000000100000000)
  region size 1024K, 4 young (4096K), 4 survivors (4096K)
 Metaspace       used 78474K, capacity 80756K, committed 80844K, reserved 1120256K
  class space    used 10198K, capacity 10931K, committed 11008K, reserved 1048576K
}
Event: 20.550 GC heap before
{Heap before GC invocations=33 (full 0):
 garbage-first heap   total 131072K, used 111172K [0x0000000080000000, 0x0000000100000000)
  region size 1024K, 25 young (25600K), 4 survivors (4096K)
 Metaspace       used 81494K, capacity 83691K, committed 83788K, reserved 1122304K
  class space    used 10565K, capacity 11311K, committed 11392K, reserved 1048576K
}
Event: 20.554 GC heap after
{Heap after GC invocations=34 (full 0):
 garbage-first heap   total 131072K, used 88922K [0x0000000080000000, 0x0000000100000000)
  region size 1024K, 3 young (3072K), 3 survivors (3072K)
 Metaspace       used 81494K, capacity 83691K, committed 83788K, reserved 1122304K
  class space    used 10565K, capacity 11311K, committed 11392K, reserved 1048576K
}
Event: 20.848 GC heap before
{Heap before GC invocations=34 (full 0):
 garbage-first heap   total 131072K, used 111450K [0x0000000080000000, 0x0000000100000000)
  region size 1024K, 25 young (25600K), 3 survivors (3072K)
 Metaspace       used 84427K, capacity 86786K, committed 86988K, reserved 1124352K
  class space    used 10936K, capacity 11712K, committed 11776K, reserved 1048576K
}
Event: 20.854 GC heap after
{Heap after GC invocations=35 (full 0):
 garbage-first heap   total 157696K, used 90345K [0x0000000080000000, 0x0000000100000000)
  region size 1024K, 4 young (4096K), 4 survivors (4096K)
 Metaspace       used 84427K, capacity 86786K, committed 86988K, reserved 1124352K
  class space    used 10936K, capacity 11712K, committed 11776K, reserved 1048576K
}
Event: 22.005 GC heap before
{Heap before GC invocations=36 (full 0):
 garbage-first heap   total 157696K, used 128233K [0x0000000080000000, 0x0000000100000000)
  region size 1024K, 42 young (43008K), 4 survivors (4096K)
 Metaspace       used 86729K, capacity 89235K, committed 89548K, reserved 1126400K
  class space    used 11278K, capacity 12179K, committed 12288K, reserved 1048576K
}
Event: 22.012 GC heap after
{Heap after GC invocations=37 (full 0):
 garbage-first heap   total 157696K, used 92996K [0x0000000080000000, 0x0000000100000000)
  region size 1024K, 5 young (5120K), 5 survivors (5120K)
 Metaspace       used 86729K, capacity 89235K, committed 89548K, reserved 1126400K
  class space    used 11278K, capacity 12179K, committed 12288K, reserved 1048576K
}
Event: 22.736 GC heap before
{Heap before GC invocations=37 (full 0):
 garbage-first heap   total 157696K, used 128836K [0x0000000080000000, 0x0000000100000000)
  region size 1024K, 41 young (41984K), 5 survivors (5120K)
 Metaspace       used 87116K, capacity 89705K, committed 89804K, reserved 1126400K
  class space    used 11296K, capacity 12217K, committed 12288K, reserved 1048576K
}
Event: 22.743 GC heap after
{Heap after GC invocations=38 (full 0):
 garbage-first heap   total 157696K, used 95129K [0x0000000080000000, 0x0000000100000000)
  region size 1024K, 5 young (5120K), 5 survivors (5120K)
 Metaspace       used 87116K, capacity 89705K, committed 89804K, reserved 1126400K
  class space    used 11296K, capacity 12217K, committed 12288K, reserved 1048576K
}
Event: 23.763 GC heap before
{Heap before GC invocations=39 (full 0):
 garbage-first heap   total 157696K, used 130969K [0x0000000080000000, 0x0000000100000000)
  region size 1024K, 41 young (41984K), 5 survivors (5120K)
 Metaspace       used 90798K, capacity 93518K, committed 93644K, reserved 1130496K
  class space    used 11757K, capacity 12678K, committed 12800K, reserved 1048576K
}
Event: 23.770 GC heap after
{Heap after GC invocations=40 (full 0):
 garbage-first heap   total 157696K, used 97117K [0x0000000080000000, 0x0000000100000000)
  region size 1024K, 5 young (5120K), 5 survivors (5120K)
 Metaspace       used 90798K, capacity 93518K, committed 93644K, reserved 1130496K
  class space    used 11757K, capacity 12678K, committed 12800K, reserved 1048576K
}
Event: 24.869 GC heap before
{Heap before GC invocations=40 (full 0):
 garbage-first heap   total 157696K, used 130909K [0x0000000080000000, 0x0000000100000000)
  region size 1024K, 39 young (39936K), 5 survivors (5120K)
 Metaspace       used 93039K, capacity 95878K, committed 95948K, reserved 1132544K
  class space    used 12010K, capacity 13037K, committed 13056K, reserved 1048576K
}

Deoptimization events (20 events):
Event: 23.587 Thread 0x000002867e0b8800 DEOPT PACKING pc=0x000002866d164f08 sp=0x000000cacfff9940
Event: 23.587 Thread 0x000002867e0b8800 DEOPT UNPACKING pc=0x00000286651578af sp=0x000000cacfff9830 mode 2
Event: 23.884 Thread 0x000002867e0b8800 Uncommon trap: trap_request=0xffffffde fr.pc=0x000002866d165ddc relative=0x000000000000079c
Event: 23.884 Thread 0x000002867e0b8800 Uncommon trap: reason=class_check action=maybe_recompile pc=0x000002866d165ddc method=java.util.Spliterators$IteratorSpliterator.tryAdvance(Ljava/util/function/Consumer;)Z @ 68 c2
Event: 23.884 Thread 0x000002867e0b8800 DEOPT PACKING pc=0x000002866d165ddc sp=0x000000cacfffa020
Event: 23.884 Thread 0x000002867e0b8800 DEOPT UNPACKING pc=0x00000286651578af sp=0x000000cacfff9e28 mode 2
Event: 23.888 Thread 0x000002867e0b8800 DEOPT PACKING pc=0x0000028666b6cbf6 sp=0x000000cacfff9590
Event: 23.888 Thread 0x000002867e0b8800 DEOPT UNPACKING pc=0x00000286651576ce sp=0x000000cacfff8ab0 mode 0
Event: 23.890 Thread 0x000002867e0b8800 DEOPT PACKING pc=0x0000028666b6cbf6 sp=0x000000cacfff9800
Event: 23.890 Thread 0x000002867e0b8800 DEOPT UNPACKING pc=0x00000286651576ce sp=0x000000cacfff8d20 mode 0
Event: 24.574 Thread 0x000002867e0b8800 DEOPT PACKING pc=0x0000028666957bb1 sp=0x000000cacfffa260
Event: 24.574 Thread 0x000002867e0b8800 DEOPT UNPACKING pc=0x00000286651576ce sp=0x000000cacfff9728 mode 0
Event: 24.766 Thread 0x000002867e0b8800 Uncommon trap: trap_request=0xffffff4d fr.pc=0x000002866d240a6c relative=0x000000000000050c
Event: 24.766 Thread 0x000002867e0b8800 Uncommon trap: reason=unstable_if action=reinterpret pc=0x000002866d240a6c method=kotlin.jvm.internal.Intrinsics.areEqual(Ljava/lang/Object;Ljava/lang/Object;)Z @ 1 c2
Event: 24.766 Thread 0x000002867e0b8800 DEOPT PACKING pc=0x000002866d240a6c sp=0x000000cacfffa790
Event: 24.766 Thread 0x000002867e0b8800 DEOPT UNPACKING pc=0x00000286651578af sp=0x000000cacfffa750 mode 2
Event: 24.772 Thread 0x000002867e0b8800 Uncommon trap: trap_request=0xffffff4d fr.pc=0x000002866d1f1064 relative=0x0000000000000584
Event: 24.772 Thread 0x000002867e0b8800 Uncommon trap: reason=unstable_if action=reinterpret pc=0x000002866d1f1064 method=java.lang.String.valueOf(Ljava/lang/Object;)Ljava/lang/String; @ 1 c2
Event: 24.772 Thread 0x000002867e0b8800 DEOPT PACKING pc=0x000002866d1f1064 sp=0x000000cacfffaf60
Event: 24.772 Thread 0x000002867e0b8800 DEOPT UNPACKING pc=0x00000286651578af sp=0x000000cacfffaee8 mode 2

Classes redefined (0 events):
No events

Internal exceptions (20 events):
Event: 20.688 Thread 0x000002867e0b8800 Exception <a 'sun/nio/fs/WindowsException'{0x000000008772de30}> (0x000000008772de30) thrown at [./src/hotspot/share/prims/jni.cpp, line 615]
Event: 20.688 Thread 0x000002867e0b8800 Exception <a 'sun/nio/fs/WindowsException'{0x000000008772f1f8}> (0x000000008772f1f8) thrown at [./src/hotspot/share/prims/jni.cpp, line 615]
Event: 20.789 Thread 0x000002867e0b8800 Implicit null exception at 0x000002866d0f4401 to 0x000002866d0f599c
Event: 21.219 Thread 0x000002867d890000 Exception <a 'java/lang/NoSuchMethodError'{0x0000000088222d80}: 'java.lang.Object java.lang.invoke.DirectMethodHandle$Holder.invokeSpecialIFC(java.lang.Object, java.lang.Object, java.lang.Object)'> (0x0000000088222d80) thrown at [./src/hotspot/share/interpreter/linkResolver.cpp, line 773]
Event: 21.219 Thread 0x0000028600e22000 Exception <a 'java/lang/NoSuchMethodError'{0x0000000088212b88}: 'java.lang.Object java.lang.invoke.DirectMethodHandle$Holder.invokeSpecialIFC(java.lang.Object, java.lang.Object, java.lang.Object)'> (0x0000000088212b88) thrown at [./src/hotspot/share/interpreter/linkResolver.cpp, line 773]
Event: 21.219 Thread 0x000002867d88b800 Exception <a 'java/lang/NoSuchMethodError'{0x000000008821b1d0}: 'java.lang.Object java.lang.invoke.DirectMethodHandle$Holder.invokeSpecialIFC(java.lang.Object, java.lang.Object, java.lang.Object)'> (0x000000008821b1d0) thrown at [./src/hotspot/share/interpreter/linkResolver.cpp, line 773]
Event: 21.219 Thread 0x0000028600e21000 Exception <a 'java/lang/NoSuchMethodError'{0x000000008822cd48}: 'java.lang.Object java.lang.invoke.DirectMethodHandle$Holder.invokeSpecialIFC(java.lang.Object, java.lang.Object, java.lang.Object)'> (0x000000008822cd48) thrown at [./src/hotspot/share/interpreter/linkResolver.cpp, line 773]
Event: 21.219 Thread 0x0000028600e23800 Exception <a 'java/lang/NoSuchMethodError'{0x00000000883fc118}: 'java.lang.Object java.lang.invoke.DirectMethodHandle$Holder.invokeSpecialIFC(java.lang.Object, java.lang.Object, java.lang.Object)'> (0x00000000883fc118) thrown at [./src/hotspot/share/interpreter/linkResolver.cpp, line 773]
Event: 21.219 Thread 0x0000028600e20800 Exception <a 'java/lang/NoSuchMethodError'{0x00000000883e5e78}: 'java.lang.Object java.lang.invoke.DirectMethodHandle$Holder.invokeSpecialIFC(java.lang.Object, java.lang.Object, java.lang.Object)'> (0x00000000883e5e78) thrown at [./src/hotspot/share/interpreter/linkResolver.cpp, line 773]
Event: 21.219 Thread 0x0000028600e24800 Exception <a 'java/lang/NoSuchMethodError'{0x00000000882092b0}: 'java.lang.Object java.lang.invoke.DirectMethodHandle$Holder.invokeSpecialIFC(java.lang.Object, java.lang.Object, java.lang.Object)'> (0x00000000882092b0) thrown at [./src/hotspot/share/interpreter/linkResolver.cpp, line 773]
Event: 21.219 Thread 0x000002867d892000 Exception <a 'java/lang/NoSuchMethodError'{0x00000000883eb998}: 'java.lang.Object java.lang.invoke.DirectMethodHandle$Holder.invokeSpecialIFC(java.lang.Object, java.lang.Object, java.lang.Object)'> (0x00000000883eb998) thrown at [./src/hotspot/share/interpreter/linkResolver.cpp, line 773]
Event: 21.379 Thread 0x000002867d890000 Exception <a 'java/lang/NoSuchMethodError'{0x0000000087e301d8}: 'int java.lang.invoke.DirectMethodHandle$Holder.invokeStaticInit(java.lang.Object, java.lang.Object, java.lang.Object, java.lang.Object, java.lang.Object)'> (0x0000000087e301d8) thrown at [./src/hotspot/share/interpreter/linkResolver.cpp, line 773]
Event: 22.613 Thread 0x0000028600e20800 Implicit null exception at 0x000002866d19f7f6 to 0x000002866d19fa14
Event: 22.655 Thread 0x0000028600e23800 Exception <a 'java/lang/NoSuchMethodError'{0x000000008802f1a0}: 'void java.lang.invoke.DirectMethodHandle$Holder.invokeVirtual(java.lang.Object, java.lang.Object)'> (0x000000008802f1a0) thrown at [./src/hotspot/share/interpreter/linkResolver.cpp, line 773]
Event: 22.982 Thread 0x000002867e0b8800 Exception <a 'java/lang/NoSuchMethodError'{0x00000000889b1548}: 'int java.lang.invoke.DirectMethodHandle$Holder.invokeSpecialIFC(java.lang.Object, java.lang.Object, java.lang.Object)'> (0x00000000889b1548) thrown at [./src/hotspot/share/interpreter/linkResolver.cpp, line 773]
Event: 23.665 Thread 0x000002867e0b8800 Exception <a 'java/lang/NoSuchMethodError'{0x000000008792df18}: 'java.lang.Object java.lang.invoke.DirectMethodHandle$Holder.invokeStatic(java.lang.Object, java.lang.Object, java.lang.Object, java.lang.Object, java.lang.Object, java.lang.Object, java.lang.Object, java.lang.Object, java.lang.Object, java.lang.Object, java.lang.Object, java.lang.Object, java.lang.Object, java.lang.Object, java.lang.Object, java.lang.Object, java.lang.Object, java.lang.Object, int, java.lang.Object)'> (0x000000008792df18) thr
Event: 23.665 Thread 0x000002867e0b8800 Exception <a 'java/lang/NoSuchMethodError'{0x0000000087934248}: 'java.lang.Object java.lang.invoke.DirectMethodHandle$Holder.invokeStaticInit(java.lang.Object, java.lang.Object, java.lang.Object, java.lang.Object, java.lang.Object, java.lang.Object, java.lang.Object, java.lang.Object, java.lang.Object, java.lang.Object, java.lang.Object, java.lang.Object, java.lang.Object, java.lang.Object, java.lang.Object, java.lang.Object, java.lang.Object, java.lang.Object, int, java.lang.Object)'> (0x0000000087934248)
Event: 23.722 Thread 0x000002867e0b8800 Exception <a 'java/lang/NoSuchMethodError'{0x000000008772e600}: 'int java.lang.invoke.DirectMethodHandle$Holder.invokeVirtual(java.lang.Object, java.lang.Object, java.lang.Object, java.lang.Object)'> (0x000000008772e600) thrown at [./src/hotspot/share/interpreter/linkResolver.cpp, line 773]
Event: 23.782 Thread 0x000002867e0b8800 Exception <a 'java/lang/NoSuchMethodError'{0x00000000899ba230}: 'java.lang.Object java.lang.invoke.DirectMethodHandle$Holder.invokeStatic(java.lang.Object, int, java.lang.Object, java.lang.Object)'> (0x00000000899ba230) thrown at [./src/hotspot/share/interpreter/linkResolver.cpp, line 773]
Event: 24.766 Thread 0x000002867e0b8800 Implicit null exception at 0x000002866d24056f to 0x000002866d240a59

Events (20 events):
Event: 24.847 loading class com/google/common/collect/Iterators$1 done
Event: 24.848 loading class com/android/tools/idea/gradle/project/sync/ModelCacheKt$modelCacheImpl$variantFrom$15
Event: 24.848 loading class com/android/tools/idea/gradle/project/sync/ModelCacheKt$modelCacheImpl$variantFrom$15 done
Event: 24.848 loading class com/android/tools/idea/gradle/project/sync/ModelCacheKt$modelCacheImpl$variantFrom$16
Event: 24.848 loading class com/android/tools/idea/gradle/project/sync/ModelCacheKt$modelCacheImpl$variantFrom$16 done
Event: 24.849 loading class com/android/tools/idea/gradle/project/sync/ModelCacheKt$modelCacheImpl$variantFrom$17
Event: 24.849 loading class com/android/tools/idea/gradle/project/sync/ModelCacheKt$modelCacheImpl$variantFrom$17 done
Event: 24.850 loading class com/android/tools/idea/gradle/project/sync/ModelCacheKt$modelCacheImpl$variantFrom$18
Event: 24.850 loading class com/android/tools/idea/gradle/project/sync/ModelCacheKt$modelCacheImpl$variantFrom$18 done
Event: 24.861 loading class com/android/tools/idea/gradle/project/sync/ModelCacheKt$modelCacheImpl$variantFrom$19
Event: 24.861 loading class com/android/tools/idea/gradle/project/sync/ModelCacheKt$modelCacheImpl$variantFrom$19 done
Event: 24.861 loading class com/android/tools/idea/gradle/project/sync/ModelCacheKt$modelCacheImpl$variantFrom$20
Event: 24.861 loading class com/android/tools/idea/gradle/project/sync/ModelCacheKt$modelCacheImpl$variantFrom$20 done
Event: 24.861 loading class com/android/tools/idea/gradle/model/impl/IdeVariantImpl
Event: 24.861 loading class com/android/tools/idea/gradle/model/impl/IdeVariantImpl done
Event: 24.862 loading class com/android/tools/idea/gradle/model/IdeVariant
Event: 24.862 loading class com/android/tools/idea/gradle/model/IdeVariant done
Event: 24.863 loading class com/android/tools/idea/gradle/model/IdeVariantHeader
Event: 24.863 loading class com/android/tools/idea/gradle/model/IdeVariantHeader done
Event: 24.869 Executing VM operation: G1CollectForAllocation


Dynamic libraries:
0x00007ff76cc50000 - 0x00007ff76cc5a000 	C:\Program Files\Android\Android Studio\jre\bin\java.exe
0x00007ffab66d0000 - 0x00007ffab68c5000 	C:\WINDOWS\SYSTEM32\ntdll.dll
0x00007ffab50d0000 - 0x00007ffab518e000 	C:\WINDOWS\System32\KERNEL32.DLL
0x00007ffab4210000 - 0x00007ffab44d8000 	C:\WINDOWS\System32\KERNELBASE.dll
0x00007ffab3df0000 - 0x00007ffab3ef0000 	C:\WINDOWS\System32\ucrtbase.dll
0x00007ffaa9f70000 - 0x00007ffaa9f87000 	C:\Program Files\Android\Android Studio\jre\bin\VCRUNTIME140.dll
0x00007ffaa9440000 - 0x00007ffaa9459000 	C:\Program Files\Android\Android Studio\jre\bin\jli.dll
0x00007ffab6370000 - 0x00007ffab6510000 	C:\WINDOWS\System32\USER32.dll
0x00007ffab4560000 - 0x00007ffab4582000 	C:\WINDOWS\System32\win32u.dll
0x00007ffab5e20000 - 0x00007ffab5e4b000 	C:\WINDOWS\System32\GDI32.dll
0x00007ffab4620000 - 0x00007ffab472b000 	C:\WINDOWS\System32\gdi32full.dll
0x00007ffab3f60000 - 0x00007ffab3ffd000 	C:\WINDOWS\System32\msvcp_win.dll
0x00007ffaa4e60000 - 0x00007ffaa50fa000 	C:\WINDOWS\WinSxS\amd64_microsoft.windows.common-controls_6595b64144ccf1df_6.0.19041.1110_none_60b5254171f9507e\COMCTL32.dll
0x00007ffab5d80000 - 0x00007ffab5e1e000 	C:\WINDOWS\System32\msvcrt.dll
0x00007ffab5eb0000 - 0x00007ffab5ee0000 	C:\WINDOWS\System32\IMM32.DLL
0x00007ffa81a30000 - 0x00007ffa81acd000 	C:\Program Files\Android\Android Studio\jre\bin\msvcp140.dll
0x00007ffa4fac0000 - 0x00007ffa5058f000 	C:\Program Files\Android\Android Studio\jre\bin\server\jvm.dll
0x00007ffab4e30000 - 0x00007ffab4ede000 	C:\WINDOWS\System32\ADVAPI32.dll
0x00007ffab6510000 - 0x00007ffab65ac000 	C:\WINDOWS\System32\sechost.dll
0x00007ffab6240000 - 0x00007ffab6365000 	C:\WINDOWS\System32\RPCRT4.dll
0x00007ffab4e20000 - 0x00007ffab4e28000 	C:\WINDOWS\System32\PSAPI.DLL
0x00007ffaa8b10000 - 0x00007ffaa8b1a000 	C:\WINDOWS\SYSTEM32\VERSION.dll
0x00007ffaa4ba0000 - 0x00007ffaa4bc7000 	C:\WINDOWS\SYSTEM32\WINMM.dll
0x00007ffa9e100000 - 0x00007ffa9e109000 	C:\WINDOWS\SYSTEM32\WSOCK32.dll
0x00007ffab5900000 - 0x00007ffab596b000 	C:\WINDOWS\System32\WS2_32.dll
0x00007ffab26e0000 - 0x00007ffab26f2000 	C:\WINDOWS\SYSTEM32\kernel.appcore.dll
0x00007ffaac9e0000 - 0x00007ffaac9f1000 	C:\Program Files\Android\Android Studio\jre\bin\verify.dll
0x00007ffab1bf0000 - 0x00007ffab1dd4000 	C:\WINDOWS\SYSTEM32\DBGHELP.DLL
0x00007ffaaa440000 - 0x00007ffaaa46c000 	C:\WINDOWS\SYSTEM32\dbgcore.DLL
0x00007ffab4590000 - 0x00007ffab4612000 	C:\WINDOWS\System32\bcryptPrimitives.dll
0x00007ffa9f700000 - 0x00007ffa9f729000 	C:\Program Files\Android\Android Studio\jre\bin\java.dll
0x00007ffaae180000 - 0x00007ffaae18b000 	C:\Program Files\Android\Android Studio\jre\bin\jimage.dll
0x00007ffaac4c0000 - 0x00007ffaac4d8000 	C:\Program Files\Android\Android Studio\jre\bin\zip.dll
0x00007ffab5190000 - 0x00007ffab58d4000 	C:\WINDOWS\System32\SHELL32.dll
0x00007ffab1de0000 - 0x00007ffab2574000 	C:\WINDOWS\SYSTEM32\windows.storage.dll
0x00007ffab5ee0000 - 0x00007ffab6234000 	C:\WINDOWS\System32\combase.dll
0x00007ffab3780000 - 0x00007ffab37ac000 	C:\WINDOWS\SYSTEM32\Wldp.dll
0x00007ffab5cd0000 - 0x00007ffab5d7d000 	C:\WINDOWS\System32\SHCORE.dll
0x00007ffab5000000 - 0x00007ffab5055000 	C:\WINDOWS\System32\shlwapi.dll
0x00007ffab3d30000 - 0x00007ffab3d4f000 	C:\WINDOWS\SYSTEM32\profapi.dll
0x00007ffaa9e60000 - 0x00007ffaa9e7a000 	C:\Program Files\Android\Android Studio\jre\bin\net.dll
0x00007ffaa7a10000 - 0x00007ffaa7b19000 	C:\WINDOWS\SYSTEM32\WINHTTP.dll
0x00007ffab34e0000 - 0x00007ffab354a000 	C:\WINDOWS\system32\mswsock.dll
0x00007ffaa05c0000 - 0x00007ffaa05d4000 	C:\Program Files\Android\Android Studio\jre\bin\nio.dll
0x00007ffaa9a10000 - 0x00007ffaa9a37000 	C:\Users\New\.gradle\native\8bec1ad78214c89d9ad589b4d07fe93259594b29d510b10fafb7a158f7737e5d\windows-amd64\native-platform.dll
0x00007ffa79400000 - 0x00007ffa7953d000 	C:\Users\New\.gradle\native\53dbd7edfb1c66fb8903c78663c9afc45aea4f116125fa6feffd364cf09443e8\windows-amd64\native-platform-file-events.dll
0x00007ffaae0b0000 - 0x00007ffaae0ba000 	C:\Program Files\Android\Android Studio\jre\bin\management.dll
0x00007ffaadf70000 - 0x00007ffaadf7c000 	C:\Program Files\Android\Android Studio\jre\bin\management_ext.dll
0x00007ffab36e0000 - 0x00007ffab36f8000 	C:\WINDOWS\SYSTEM32\CRYPTSP.dll
0x00007ffab2e60000 - 0x00007ffab2e94000 	C:\WINDOWS\system32\rsaenh.dll
0x00007ffab44e0000 - 0x00007ffab4507000 	C:\WINDOWS\System32\bcrypt.dll
0x00007ffab3cf0000 - 0x00007ffab3d1e000 	C:\WINDOWS\SYSTEM32\USERENV.dll
0x00007ffab36d0000 - 0x00007ffab36dc000 	C:\WINDOWS\SYSTEM32\CRYPTBASE.dll
0x00007ffab31d0000 - 0x00007ffab320b000 	C:\WINDOWS\SYSTEM32\IPHLPAPI.DLL
0x00007ffab5060000 - 0x00007ffab5068000 	C:\WINDOWS\System32\NSI.dll
0x00007ffaac710000 - 0x00007ffaac727000 	C:\WINDOWS\SYSTEM32\dhcpcsvc6.DLL
0x00007ffaacce0000 - 0x00007ffaaccfd000 	C:\WINDOWS\SYSTEM32\dhcpcsvc.DLL
0x00007ffab3210000 - 0x00007ffab32da000 	C:\WINDOWS\SYSTEM32\DNSAPI.dll

dbghelp: loaded successfully - version: 4.0.5 - missing functions: none
symbol engine: initialized successfully - sym options: 0x614 - pdb path: .;C:\Program Files\Android\Android Studio\jre\bin;C:\WINDOWS\SYSTEM32;C:\WINDOWS\WinSxS\amd64_microsoft.windows.common-controls_6595b64144ccf1df_6.0.19041.1110_none_60b5254171f9507e;C:\Program Files\Android\Android Studio\jre\bin\server;C:\Users\New\.gradle\native\8bec1ad78214c89d9ad589b4d07fe93259594b29d510b10fafb7a158f7737e5d\windows-amd64;C:\Users\New\.gradle\native\53dbd7edfb1c66fb8903c78663c9afc45aea4f116125fa6feffd364cf09443e8\windows-amd64

VM Arguments:
jvm_args: --add-opens=java.base/java.util=ALL-UNNAMED --add-opens=java.base/java.lang=ALL-UNNAMED --add-opens=java.base/java.lang.invoke=ALL-UNNAMED --add-opens=java.base/java.util=ALL-UNNAMED --add-opens=java.prefs/java.util.prefs=ALL-UNNAMED --add-opens=java.prefs/java.util.prefs=ALL-UNNAMED --add-opens=java.base/java.nio.charset=ALL-UNNAMED --add-opens=java.base/java.net=ALL-UNNAMED --add-opens=java.base/java.util.concurrent.atomic=ALL-UNNAMED -Xmx2048m -Dfile.encoding=UTF-8 -Duser.country=IN -Duser.language=en -Duser.variant 
java_command: org.gradle.launcher.daemon.bootstrap.GradleDaemon 7.0.2
java_class_path (initial): C:\Users\New\.gradle\wrapper\dists\gradle-7.0.2-bin\857tjihv64xamwrf0h14cai3r\gradle-7.0.2\lib\gradle-launcher-7.0.2.jar
Launcher Type: SUN_STANDARD

[Global flags]
     intx CICompilerCount                          = 4                                         {product} {ergonomic}
     uint ConcGCThreads                            = 2                                         {product} {ergonomic}
     uint G1ConcRefinementThreads                  = 8                                         {product} {ergonomic}
   size_t G1HeapRegionSize                         = 1048576                                   {product} {ergonomic}
    uintx GCDrainStackTargetSize                   = 64                                        {product} {ergonomic}
   size_t InitialHeapSize                          = 134217728                                 {product} {ergonomic}
   size_t MarkStackSize                            = 4194304                                   {product} {ergonomic}
   size_t MaxHeapSize                              = 2147483648                                {product} {command line}
   size_t MaxNewSize                               = 1287651328                                {product} {ergonomic}
   size_t MinHeapDeltaBytes                        = 1048576                                   {product} {ergonomic}
    uintx NonNMethodCodeHeapSize                   = 5836300                                {pd product} {ergonomic}
    uintx NonProfiledCodeHeapSize                  = 122910970                              {pd product} {ergonomic}
    uintx ProfiledCodeHeapSize                     = 122910970                              {pd product} {ergonomic}
    uintx ReservedCodeCacheSize                    = 251658240                              {pd product} {ergonomic}
     bool SegmentedCodeCache                       = true                                      {product} {ergonomic}
     bool UseCompressedClassPointers               = true                                 {lp64_product} {ergonomic}
     bool UseCompressedOops                        = true                                 {lp64_product} {ergonomic}
     bool UseG1GC                                  = true                                      {product} {ergonomic}
     bool UseLargePagesIndividualAllocation        = false                                  {pd product} {ergonomic}

Logging:
Log output configuration:
 #0: stdout all=warning uptime,level,tags
 #1: stderr all=off uptime,level,tags

Environment Variables:
PATH=D:\Scripts\;D:\;C:\Program Files\Common Files\Oracle\Java\javapath;C:\Program Files (x86)\Intel\Intel(R) Management Engine Components\iCLS\;C:\Program Files\Intel\Intel(R) Management Engine Components\iCLS\;C:\WINDOWS\system32;C:\WINDOWS;C:\WINDOWS\System32\Wbem;C:\WINDOWS\System32\WindowsPowerShell\v1.0\;C:\WINDOWS\System32\OpenSSH\;C:\Program Files (x86)\Intel\Intel(R) Management Engine Components\DAL;C:\Program Files\Intel\Intel(R) Management Engine Components\DAL;C:\Program Files (x86)\Intel\Intel(R) Management Engine Components\IPT;C:\Program Files\Intel\Intel(R) Management Engine Components\IPT;C:\Program Files\Intel\WiFi\bin\;C:\Program Files\Common Files\Intel\WirelessCommon\;C:\Program Files\Java\jdk-17.0.1\bin;C:\Program Files\dotnet\;C:\Users\New\AppData\Local\Programs\Python\Python39\scripts\
USERNAME=New
OS=Windows_NT
PROCESSOR_IDENTIFIER=Intel64 Family 6 Model 142 Stepping 10, GenuineIntel



---------------  S Y S T E M  ---------------

OS: Windows 10 , 64 bit Build 19041 (10.0.19041.1566)
OS uptime: 2 days 2:35 hours

CPU:total 8 (initial active 8) (4 cores per cpu, 2 threads per core) family 6 model 142 stepping 10 microcode 0xea, cmov, cx8, fxsr, mmx, sse, sse2, sse3, ssse3, sse4.1, sse4.2, popcnt, avx, avx2, aes, clmul, erms, 3dnowpref, lzcnt, ht, tsc, tscinvbit, bmi1, bmi2, adx, fma

Memory: 4k page, system-wide physical 8089M (519M free)
TotalPageFile size 12839M (AvailPageFile size 25M)
current process WorkingSet (physical memory assigned to process): 420M, peak: 424M
current process commit charge ("private bytes"): 457M, peak: 488M

vm_info: OpenJDK 64-Bit Server VM (11.0.10+0-b96-7249189) for windows-amd64 JRE (11.0.10+0-b96-7249189), built on Mar 31 2021 21:44:00 by "builder" with MS VC++ 14.0 (VS2015)

END.
